#
# There is insufficient memory for the Java Runtime Environment to continue.
# Native memory allocation (malloc) failed to allocate 32744 bytes for ChunkPool::allocate
# Possible reasons:
#   The system is out of physical RAM or swap space
#   The process is running with CompressedOops enabled, and the Java Heap may be blocking the growth of the native heap
# Possible solutions:
#   Reduce memory load on the system
#   Increase physical memory or swap space
#   Check if swap backing store is full
#   Decrease Java heap size (-Xmx/-Xms)
#   Decrease number of Java threads
#   Decrease Java thread stack sizes (-Xss)
#   Set larger code cache with -XX:ReservedCodeCacheSize=
#   JVM is running with Unscaled Compressed Oops mode in which the Java heap is
#     placed in the first 4GB address space. The Java Heap base address is the
#     maximum limit for the native heap growth. Please use -XX:HeapBaseMinAddress
#     to set the Java Heap base and to place the Java Heap above 4GB virtual address.
# This output file may be truncated or incomplete.
#
#  Out of Memory Error (arena.cpp:78), pid=2520, tid=16344
#
# JRE version: Java(TM) SE Runtime Environment (17.0.1+12) (build 17.0.1+12-LTS-39)
# Java VM: Java HotSpot(TM) 64-Bit Server VM (17.0.1+12-LTS-39, mixed mode, sharing, tiered, compressed oops, compressed class ptrs, g1 gc, windows-amd64)
# No core dump will be written. Minidumps are not enabled by default on client versions of Windows
#

---------------  S U M M A R Y ------------

Command Line: -Xmx64m -Xms64m -Dorg.gradle.appname=gradlew org.gradle.wrapper.GradleWrapperMain app:assembleDebug -x lint -x test --configure-on-demand --build-cache -PreactNativeDevServerPort=8081

Host: Intel(R) Core(TM) i5-10300H CPU @ 2.50GHz, 8 cores, 15G,  Windows 10 , 64 bit Build 22621 (10.0.22621.2428)
Time: Mon Nov 13 01:22:53 2023 SE Asia Standard Time elapsed time: 45.169899 seconds (0d 0h 0m 45s)

---------------  T H R E A D  ---------------

Current thread (0x0000019a375b1bf0):  JavaThread "C1 CompilerThread0" daemon [_thread_in_native, id=16344, stack(0x0000003b93300000,0x0000003b93400000)]


Current CompileTask:
C1:  45169 1611   !   3       java.nio.charset.CharsetDecoder::decode (275 bytes)

Stack: [0x0000003b93300000,0x0000003b93400000]
Native frames: (J=compiled Java code, j=interpreted, Vv=VM code, C=native code)
V  [jvm.dll+0x66fa1a]
V  [jvm.dll+0x7ce5a4]
V  [jvm.dll+0x7cfd4e]
V  [jvm.dll+0x7d03b3]
V  [jvm.dll+0x242b05]
V  [jvm.dll+0xaa2a0]
V  [jvm.dll+0xaa5ec]
V  [jvm.dll+0xb5ccd]
V  [jvm.dll+0x17942a]
V  [jvm.dll+0x17bee9]
V  [jvm.dll+0x17c4e0]
V  [jvm.dll+0x173c80]
V  [jvm.dll+0x173167]
V  [jvm.dll+0x17cf9b]
V  [jvm.dll+0x1742a8]
V  [jvm.dll+0x1780cf]
V  [jvm.dll+0x1323c3]
V  [jvm.dll+0x131cbf]
V  [jvm.dll+0x131ef6]
V  [jvm.dll+0x13138a]
V  [jvm.dll+0x133051]
V  [jvm.dll+0x224848]
V  [jvm.dll+0x2229ac]
V  [jvm.dll+0x78435b]
V  [jvm.dll+0x77e91a]
V  [jvm.dll+0x66e845]
C  [ucrtbase.dll+0x29363]
C  [KERNEL32.DLL+0x1257d]
C  [ntdll.dll+0x5aa78]


---------------  P R O C E S S  ---------------

Threads class SMR info:
_java_thread_list=0x0000019a380c2300, length=13, elements={
0x0000019a1ded0cd0, 0x0000019a1df7bee0, 0x0000019a1df7ca90, 0x0000019a1df8ecd0,
0x0000019a1df91690, 0x0000019a1df92040, 0x0000019a1df94a00, 0x0000019a375a9140,
0x0000019a375b1bf0, 0x0000019a375b25e0, 0x0000019a38057600, 0x0000019a38059ae0,
0x0000019a38d0f7d0
}

Java Threads: ( => current thread )
  0x0000019a1ded0cd0 JavaThread "main" [_thread_blocked, id=2332, stack(0x0000003b92500000,0x0000003b92600000)]
  0x0000019a1df7bee0 JavaThread "Reference Handler" daemon [_thread_blocked, id=10036, stack(0x0000003b92c00000,0x0000003b92d00000)]
  0x0000019a1df7ca90 JavaThread "Finalizer" daemon [_thread_blocked, id=9892, stack(0x0000003b92d00000,0x0000003b92e00000)]
  0x0000019a1df8ecd0 JavaThread "Signal Dispatcher" daemon [_thread_blocked, id=7720, stack(0x0000003b92e00000,0x0000003b92f00000)]
  0x0000019a1df91690 JavaThread "Attach Listener" daemon [_thread_blocked, id=11228, stack(0x0000003b92f00000,0x0000003b93000000)]
  0x0000019a1df92040 JavaThread "Service Thread" daemon [_thread_blocked, id=17616, stack(0x0000003b93000000,0x0000003b93100000)]
  0x0000019a1df94a00 JavaThread "Monitor Deflation Thread" daemon [_thread_blocked, id=5212, stack(0x0000003b93100000,0x0000003b93200000)]
  0x0000019a375a9140 JavaThread "C2 CompilerThread0" daemon [_thread_in_native, id=2308, stack(0x0000003b93200000,0x0000003b93300000)]
=>0x0000019a375b1bf0 JavaThread "C1 CompilerThread0" daemon [_thread_in_native, id=16344, stack(0x0000003b93300000,0x0000003b93400000)]
  0x0000019a375b25e0 JavaThread "Sweeper thread" daemon [_thread_blocked, id=9400, stack(0x0000003b93400000,0x0000003b93500000)]
  0x0000019a38057600 JavaThread "Notification Thread" daemon [_thread_blocked, id=11936, stack(0x0000003b93500000,0x0000003b93600000)]
  0x0000019a38059ae0 JavaThread "Common-Cleaner" daemon [_thread_blocked, id=12980, stack(0x0000003b93700000,0x0000003b93800000)]
  0x0000019a38d0f7d0 JavaThread "DisconnectableInputStream source reader" daemon [_thread_in_native, id=6944, stack(0x0000003b93f00000,0x0000003b94000000)]

Other Threads:
  0x0000019a1df75030 VMThread "VM Thread" [stack: 0x0000003b92b00000,0x0000003b92c00000] [id=18048]
  0x0000019a1defb740 WatcherThread [stack: 0x0000003b93600000,0x0000003b93700000] [id=4356]
  0x0000019a1def1060 GCTaskThread "GC Thread#0" [stack: 0x0000003b92600000,0x0000003b92700000] [id=2436]
  0x0000019a38a19100 GCTaskThread "GC Thread#1" [stack: 0x0000003b93800000,0x0000003b93900000] [id=11596]
  0x0000019a385ae0b0 GCTaskThread "GC Thread#2" [stack: 0x0000003b93900000,0x0000003b93a00000] [id=17404]
  0x0000019a389d4fc0 GCTaskThread "GC Thread#3" [stack: 0x0000003b93a00000,0x0000003b93b00000] [id=1220]
  0x0000019a389d5270 GCTaskThread "GC Thread#4" [stack: 0x0000003b93b00000,0x0000003b93c00000] [id=8128]
  0x0000019a38364170 GCTaskThread "GC Thread#5" [stack: 0x0000003b93c00000,0x0000003b93d00000] [id=14904]
  0x0000019a1def27a0 ConcurrentGCThread "G1 Main Marker" [stack: 0x0000003b92700000,0x0000003b92800000] [id=13408]
  0x0000019a1def41c0 ConcurrentGCThread "G1 Conc#0" [stack: 0x0000003b92800000,0x0000003b92900000] [id=7688]
  0x0000019a1df53670 ConcurrentGCThread "G1 Refine#0" [stack: 0x0000003b92900000,0x0000003b92a00000] [id=1208]
  0x0000019a1df54f40 ConcurrentGCThread "G1 Service" [stack: 0x0000003b92a00000,0x0000003b92b00000] [id=13012]

Threads with active compile tasks:
C2 CompilerThread0    45193 1595 % !   4       java.io.BufferedReader::readLine @ 139 (327 bytes)
C1 CompilerThread0    45193 1611   !   3       java.nio.charset.CharsetDecoder::decode (275 bytes)

VM state: not at safepoint (normal execution)

VM Mutex/Monitor currently owned by a thread: None

Heap address: 0x00000000fc000000, size: 64 MB, Compressed Oops mode: 32-bit

CDS archive(s) mapped at: [0x0000000800000000-0x0000000800bc0000-0x0000000800bc0000), size 12320768, SharedBaseAddress: 0x0000000800000000, ArchiveRelocationMode: 0.
Compressed class space mapped at: 0x0000000800c00000-0x0000000840c00000, reserved size: 1073741824
Narrow klass base: 0x0000000800000000, Narrow klass shift: 0, Narrow klass range: 0x100000000

GC Precious Log:
 CPUs: 8 total, 8 available
 Memory: 16215M
 Large Page Support: Disabled
 NUMA Support: Disabled
 Compressed Oops: Enabled (32-bit)
 Heap Region Size: 1M
 Heap Min Capacity: 64M
 Heap Initial Capacity: 64M
 Heap Max Capacity: 64M
 Pre-touch: Disabled
 Parallel Workers: 8
 Concurrent Workers: 2
 Concurrent Refinement Workers: 8
 Periodic GC: Disabled

Heap:
 garbage-first heap   total 65536K, used 28768K [0x00000000fc000000, 0x0000000100000000)
  region size 1024K, 22 young (22528K), 3 survivors (3072K)
 Metaspace       used 9094K, committed 9280K, reserved 1064960K
  class space    used 1199K, committed 1280K, reserved 1048576K

Heap Regions: E=young(eden), S=young(survivor), O=old, HS=humongous(starts), HC=humongous(continues), CS=collection set, F=free, OA=open archive, CA=closed archive, TAMS=top-at-mark-start (previous, next)
|   0|0x00000000fc000000, 0x00000000fc100000, 0x00000000fc100000|100%|HS|  |TAMS 0x00000000fc000000, 0x00000000fc000000| Complete 
|   1|0x00000000fc100000, 0x00000000fc200000, 0x00000000fc200000|100%|HC|  |TAMS 0x00000000fc100000, 0x00000000fc100000| Complete 
|   2|0x00000000fc200000, 0x00000000fc300000, 0x00000000fc300000|100%|HC|  |TAMS 0x00000000fc200000, 0x00000000fc200000| Complete 
|   3|0x00000000fc300000, 0x00000000fc400000, 0x00000000fc400000|100%|HC|  |TAMS 0x00000000fc300000, 0x00000000fc300000| Complete 
|   4|0x00000000fc400000, 0x00000000fc500000, 0x00000000fc500000|100%| O|  |TAMS 0x00000000fc400000, 0x00000000fc400000| Untracked 
|   5|0x00000000fc500000, 0x00000000fc600000, 0x00000000fc600000|100%| O|  |TAMS 0x00000000fc500000, 0x00000000fc500000| Untracked 
|   6|0x00000000fc600000, 0x00000000fc700000, 0x00000000fc700000|100%| O|  |TAMS 0x00000000fc600000, 0x00000000fc600000| Untracked 
|   7|0x00000000fc700000, 0x00000000fc718000, 0x00000000fc800000|  9%| O|  |TAMS 0x00000000fc700000, 0x00000000fc700000| Untracked 
|   8|0x00000000fc800000, 0x00000000fc800000, 0x00000000fc900000|  0%| F|  |TAMS 0x00000000fc800000, 0x00000000fc800000| Untracked 
|   9|0x00000000fc900000, 0x00000000fc900000, 0x00000000fca00000|  0%| F|  |TAMS 0x00000000fc900000, 0x00000000fc900000| Untracked 
|  10|0x00000000fca00000, 0x00000000fca00000, 0x00000000fcb00000|  0%| F|  |TAMS 0x00000000fca00000, 0x00000000fca00000| Untracked 
|  11|0x00000000fcb00000, 0x00000000fcb00000, 0x00000000fcc00000|  0%| F|  |TAMS 0x00000000fcb00000, 0x00000000fcb00000| Untracked 
|  12|0x00000000fcc00000, 0x00000000fcc00000, 0x00000000fcd00000|  0%| F|  |TAMS 0x00000000fcc00000, 0x00000000fcc00000| Untracked 
|  13|0x00000000fcd00000, 0x00000000fcd00000, 0x00000000fce00000|  0%| F|  |TAMS 0x00000000fcd00000, 0x00000000fcd00000| Untracked 
|  14|0x00000000fce00000, 0x00000000fce00000, 0x00000000fcf00000|  0%| F|  |TAMS 0x00000000fce00000, 0x00000000fce00000| Untracked 
|  15|0x00000000fcf00000, 0x00000000fcf00000, 0x00000000fd000000|  0%| F|  |TAMS 0x00000000fcf00000, 0x00000000fcf00000| Untracked 
|  16|0x00000000fd000000, 0x00000000fd000000, 0x00000000fd100000|  0%| F|  |TAMS 0x00000000fd000000, 0x00000000fd000000| Untracked 
|  17|0x00000000fd100000, 0x00000000fd100000, 0x00000000fd200000|  0%| F|  |TAMS 0x00000000fd100000, 0x00000000fd100000| Untracked 
|  18|0x00000000fd200000, 0x00000000fd200000, 0x00000000fd300000|  0%| F|  |TAMS 0x00000000fd200000, 0x00000000fd200000| Untracked 
|  19|0x00000000fd300000, 0x00000000fd300000, 0x00000000fd400000|  0%| F|  |TAMS 0x00000000fd300000, 0x00000000fd300000| Untracked 
|  20|0x00000000fd400000, 0x00000000fd400000, 0x00000000fd500000|  0%| F|  |TAMS 0x00000000fd400000, 0x00000000fd400000| Untracked 
|  21|0x00000000fd500000, 0x00000000fd500000, 0x00000000fd600000|  0%| F|  |TAMS 0x00000000fd500000, 0x00000000fd500000| Untracked 
|  22|0x00000000fd600000, 0x00000000fd600000, 0x00000000fd700000|  0%| F|  |TAMS 0x00000000fd600000, 0x00000000fd600000| Untracked 
|  23|0x00000000fd700000, 0x00000000fd700000, 0x00000000fd800000|  0%| F|  |TAMS 0x00000000fd700000, 0x00000000fd700000| Untracked 
|  24|0x00000000fd800000, 0x00000000fd800000, 0x00000000fd900000|  0%| F|  |TAMS 0x00000000fd800000, 0x00000000fd800000| Untracked 
|  25|0x00000000fd900000, 0x00000000fd900000, 0x00000000fda00000|  0%| F|  |TAMS 0x00000000fd900000, 0x00000000fd900000| Untracked 
|  26|0x00000000fda00000, 0x00000000fda00000, 0x00000000fdb00000|  0%| F|  |TAMS 0x00000000fda00000, 0x00000000fda00000| Untracked 
|  27|0x00000000fdb00000, 0x00000000fdb00000, 0x00000000fdc00000|  0%| F|  |TAMS 0x00000000fdb00000, 0x00000000fdb00000| Untracked 
|  28|0x00000000fdc00000, 0x00000000fdc00000, 0x00000000fdd00000|  0%| F|  |TAMS 0x00000000fdc00000, 0x00000000fdc00000| Untracked 
|  29|0x00000000fdd00000, 0x00000000fdd00000, 0x00000000fde00000|  0%| F|  |TAMS 0x00000000fdd00000, 0x00000000fdd00000| Untracked 
|  30|0x00000000fde00000, 0x00000000fde00000, 0x00000000fdf00000|  0%| F|  |TAMS 0x00000000fde00000, 0x00000000fde00000| Untracked 
|  31|0x00000000fdf00000, 0x00000000fdf00000, 0x00000000fe000000|  0%| F|  |TAMS 0x00000000fdf00000, 0x00000000fdf00000| Untracked 
|  32|0x00000000fe000000, 0x00000000fe000000, 0x00000000fe100000|  0%| F|  |TAMS 0x00000000fe000000, 0x00000000fe000000| Untracked 
|  33|0x00000000fe100000, 0x00000000fe100000, 0x00000000fe200000|  0%| F|  |TAMS 0x00000000fe100000, 0x00000000fe100000| Untracked 
|  34|0x00000000fe200000, 0x00000000fe200000, 0x00000000fe300000|  0%| F|  |TAMS 0x00000000fe200000, 0x00000000fe200000| Untracked 
|  35|0x00000000fe300000, 0x00000000fe300000, 0x00000000fe400000|  0%| F|  |TAMS 0x00000000fe300000, 0x00000000fe300000| Untracked 
|  36|0x00000000fe400000, 0x00000000fe400000, 0x00000000fe500000|  0%| F|  |TAMS 0x00000000fe400000, 0x00000000fe400000| Untracked 
|  37|0x00000000fe500000, 0x00000000fe500000, 0x00000000fe600000|  0%| F|  |TAMS 0x00000000fe500000, 0x00000000fe500000| Untracked 
|  38|0x00000000fe600000, 0x00000000fe700000, 0x00000000fe700000|100%| S|CS|TAMS 0x00000000fe600000, 0x00000000fe600000| Complete 
|  39|0x00000000fe700000, 0x00000000fe800000, 0x00000000fe800000|100%| S|CS|TAMS 0x00000000fe700000, 0x00000000fe700000| Complete 
|  40|0x00000000fe800000, 0x00000000fe900000, 0x00000000fe900000|100%| S|CS|TAMS 0x00000000fe800000, 0x00000000fe800000| Complete 
|  41|0x00000000fe900000, 0x00000000fe900000, 0x00000000fea00000|  0%| F|  |TAMS 0x00000000fe900000, 0x00000000fe900000| Untracked 
|  42|0x00000000fea00000, 0x00000000fea00000, 0x00000000feb00000|  0%| F|  |TAMS 0x00000000fea00000, 0x00000000fea00000| Untracked 
|  43|0x00000000feb00000, 0x00000000feb00000, 0x00000000fec00000|  0%| F|  |TAMS 0x00000000feb00000, 0x00000000feb00000| Untracked 
|  44|0x00000000fec00000, 0x00000000fec00000, 0x00000000fed00000|  0%| F|  |TAMS 0x00000000fec00000, 0x00000000fec00000| Untracked 
|  45|0x00000000fed00000, 0x00000000fed38d50, 0x00000000fee00000| 22%| E|  |TAMS 0x00000000fed00000, 0x00000000fed00000| Complete 
|  46|0x00000000fee00000, 0x00000000fef00000, 0x00000000fef00000|100%| E|CS|TAMS 0x00000000fee00000, 0x00000000fee00000| Complete 
|  47|0x00000000fef00000, 0x00000000ff000000, 0x00000000ff000000|100%| E|CS|TAMS 0x00000000fef00000, 0x00000000fef00000| Complete 
|  48|0x00000000ff000000, 0x00000000ff100000, 0x00000000ff100000|100%| E|CS|TAMS 0x00000000ff000000, 0x00000000ff000000| Complete 
|  49|0x00000000ff100000, 0x00000000ff200000, 0x00000000ff200000|100%| E|CS|TAMS 0x00000000ff100000, 0x00000000ff100000| Complete 
|  50|0x00000000ff200000, 0x00000000ff300000, 0x00000000ff300000|100%| E|CS|TAMS 0x00000000ff200000, 0x00000000ff200000| Complete 
|  51|0x00000000ff300000, 0x00000000ff400000, 0x00000000ff400000|100%| E|CS|TAMS 0x00000000ff300000, 0x00000000ff300000| Complete 
|  52|0x00000000ff400000, 0x00000000ff500000, 0x00000000ff500000|100%| E|CS|TAMS 0x00000000ff400000, 0x00000000ff400000| Complete 
|  53|0x00000000ff500000, 0x00000000ff600000, 0x00000000ff600000|100%| E|CS|TAMS 0x00000000ff500000, 0x00000000ff500000| Complete 
|  54|0x00000000ff600000, 0x00000000ff700000, 0x00000000ff700000|100%| E|CS|TAMS 0x00000000ff600000, 0x00000000ff600000| Complete 
|  55|0x00000000ff700000, 0x00000000ff800000, 0x00000000ff800000|100%| E|CS|TAMS 0x00000000ff700000, 0x00000000ff700000| Complete 
|  56|0x00000000ff800000, 0x00000000ff900000, 0x00000000ff900000|100%| E|CS|TAMS 0x00000000ff800000, 0x00000000ff800000| Complete 
|  57|0x00000000ff900000, 0x00000000ffa00000, 0x00000000ffa00000|100%| E|CS|TAMS 0x00000000ff900000, 0x00000000ff900000| Complete 
|  58|0x00000000ffa00000, 0x00000000ffb00000, 0x00000000ffb00000|100%| E|CS|TAMS 0x00000000ffa00000, 0x00000000ffa00000| Complete 
|  59|0x00000000ffb00000, 0x00000000ffc00000, 0x00000000ffc00000|100%| E|CS|TAMS 0x00000000ffb00000, 0x00000000ffb00000| Complete 
|  60|0x00000000ffc00000, 0x00000000ffd00000, 0x00000000ffd00000|100%| E|CS|TAMS 0x00000000ffc00000, 0x00000000ffc00000| Complete 
|  61|0x00000000ffd00000, 0x00000000ffe00000, 0x00000000ffe00000|100%| E|CS|TAMS 0x00000000ffd00000, 0x00000000ffd00000| Complete 
|  62|0x00000000ffe00000, 0x00000000fff00000, 0x00000000fff00000|100%| E|CS|TAMS 0x00000000ffe00000, 0x00000000ffe00000| Complete 
|  63|0x00000000fff00000, 0x0000000100000000, 0x0000000100000000|100%| E|CS|TAMS 0x00000000fff00000, 0x00000000fff00000| Complete 

Card table byte_map: [0x0000019a1bea0000,0x0000019a1bec0000] _byte_map_base: 0x0000019a1b6c0000

Marking Bits (Prev, Next): (CMBitMap*) 0x0000019a1def1670, (CMBitMap*) 0x0000019a1def16b0
 Prev Bits: [0x0000019a34a00000, 0x0000019a34b00000)
 Next Bits: [0x0000019a34b00000, 0x0000019a34c00000)

Polling page: 0x0000019a1be50000

Metaspace:

Usage:
  Non-class:      7.71 MB used.
      Class:      1.17 MB used.
       Both:      8.88 MB used.

Virtual space:
  Non-class space:       16.00 MB reserved,       7.81 MB ( 49%) committed,  2 nodes.
      Class space:        1.00 GB reserved,       1.25 MB ( <1%) committed,  1 nodes.
             Both:        1.02 GB reserved,       9.06 MB ( <1%) committed. 

Chunk freelists:
   Non-Class:  3.97 MB
       Class:  2.63 MB
        Both:  6.59 MB

MaxMetaspaceSize: unlimited
CompressedClassSpaceSize: 1.00 GB
Initial GC threshold: 21.00 MB
Current GC threshold: 21.00 MB
CDS: on
MetaspaceReclaimPolicy: balanced
 - commit_granule_bytes: 65536.
 - commit_granule_words: 8192.
 - virtual_space_node_default_size: 1048576.
 - enlarge_chunks_in_place: 1.
 - new_chunks_are_fully_committed: 0.
 - uncommit_free_chunks: 1.
 - use_allocation_guard: 0.
 - handle_deallocations: 1.


Internal statistics:

num_allocs_failed_limit: 0.
num_arena_births: 80.
num_arena_deaths: 0.
num_vsnodes_births: 3.
num_vsnodes_deaths: 0.
num_space_committed: 145.
num_space_uncommitted: 0.
num_chunks_returned_to_freelist: 0.
num_chunks_taken_from_freelist: 319.
num_chunk_merges: 0.
num_chunk_splits: 209.
num_chunks_enlarged: 179.
num_purges: 0.
num_inconsistent_stats: 0.

CodeHeap 'non-profiled nmethods': size=120000Kb used=531Kb max_used=531Kb free=119468Kb
 bounds [0x0000019a2d1a0000, 0x0000019a2d410000, 0x0000019a346d0000]
CodeHeap 'profiled nmethods': size=120000Kb used=3121Kb max_used=3121Kb free=116878Kb
 bounds [0x0000019a25c70000, 0x0000019a25f80000, 0x0000019a2d1a0000]
CodeHeap 'non-nmethods': size=5760Kb used=1168Kb max_used=1203Kb free=4591Kb
 bounds [0x0000019a256d0000, 0x0000019a25940000, 0x0000019a25c70000]
 total_blobs=2075 nmethods=1611 adapters=377
 compilation: enabled
              stopped_count=0, restarted_count=0
 full_count=0

Compilation events (20 events):
Event: 45.159 Thread 0x0000019a375b1bf0 nmethod 1601 0x0000019a25f79290 code [0x0000019a25f79440, 0x0000019a25f796d8]
Event: 45.160 Thread 0x0000019a375b1bf0 1602       3       java.nio.CharBuffer::array (35 bytes)
Event: 45.160 Thread 0x0000019a375b1bf0 nmethod 1602 0x0000019a25f79810 code [0x0000019a25f799e0, 0x0000019a25f79cb8]
Event: 45.160 Thread 0x0000019a375b1bf0 1603   !   3       java.nio.CharBuffer::wrap (21 bytes)
Event: 45.161 Thread 0x0000019a375b1bf0 nmethod 1603 0x0000019a25f79e10 code [0x0000019a25f79fc0, 0x0000019a25f7a258]
Event: 45.161 Thread 0x0000019a375b1bf0 1604       3       java.nio.HeapCharBuffer::<init> (23 bytes)
Event: 45.161 Thread 0x0000019a375b1bf0 nmethod 1604 0x0000019a25f7a390 code [0x0000019a25f7a540, 0x0000019a25f7a6c8]
Event: 45.161 Thread 0x0000019a375b1bf0 1605       3       java.lang.AbstractStringBuilder::appendChars (130 bytes)
Event: 45.161 Thread 0x0000019a375b1bf0 nmethod 1605 0x0000019a25f7a790 code [0x0000019a25f7a980, 0x0000019a25f7af28]
Event: 45.163 Thread 0x0000019a375b1bf0 1607       3       java.nio.ByteBuffer::hasArray (20 bytes)
Event: 45.163 Thread 0x0000019a375b1bf0 nmethod 1607 0x0000019a25f7b190 code [0x0000019a25f7b320, 0x0000019a25f7b4d8]
Event: 45.163 Thread 0x0000019a375b1bf0 1608       3       java.nio.CharBuffer::hasArray (20 bytes)
Event: 45.163 Thread 0x0000019a375b1bf0 nmethod 1608 0x0000019a25f7b590 code [0x0000019a25f7b720, 0x0000019a25f7b8d8]
Event: 45.163 Thread 0x0000019a375b1bf0 1609       3       java.nio.charset.CoderResult::isOverflow (14 bytes)
Event: 45.163 Thread 0x0000019a375b1bf0 nmethod 1609 0x0000019a25f7b990 code [0x0000019a25f7bb20, 0x0000019a25f7bc98]
Event: 45.163 Thread 0x0000019a375b1bf0 1610       1       java.nio.Buffer::capacity (5 bytes)
Event: 45.163 Thread 0x0000019a375b1bf0 nmethod 1610 0x0000019a2d224410 code [0x0000019a2d2245a0, 0x0000019a2d224678]
Event: 45.166 Thread 0x0000019a375b1bf0 1613       3       sun.nio.cs.SingleByte::withResult (25 bytes)
Event: 45.166 Thread 0x0000019a375b1bf0 nmethod 1613 0x0000019a25f7bd10 code [0x0000019a25f7bee0, 0x0000019a25f7c318]
Event: 45.166 Thread 0x0000019a375b1bf0 1611   !   3       java.nio.charset.CharsetDecoder::decode (275 bytes)

GC Heap History (2 events):
Event: 0.612 GC heap before
{Heap before GC invocations=0 (full 0):
 garbage-first heap   total 65536K, used 26624K [0x00000000fc000000, 0x0000000100000000)
  region size 1024K, 23 young (23552K), 0 survivors (0K)
 Metaspace       used 3916K, committed 4096K, reserved 1056768K
  class space    used 501K, committed 576K, reserved 1048576K
}
Event: 0.617 GC heap after
{Heap after GC invocations=1 (full 0):
 garbage-first heap   total 65536K, used 10336K [0x00000000fc000000, 0x0000000100000000)
  region size 1024K, 3 young (3072K), 3 survivors (3072K)
 Metaspace       used 3916K, committed 4096K, reserved 1056768K
  class space    used 501K, committed 576K, reserved 1048576K
}

Deoptimization events (20 events):
Event: 0.796 Thread 0x0000019a1ded0cd0 Uncommon trap: trap_request=0xffffffc6 fr.pc=0x0000019a2d1fab1c relative=0x00000000000005bc
Event: 0.796 Thread 0x0000019a1ded0cd0 Uncommon trap: reason=bimorphic_or_optimized_type_check action=maybe_recompile pc=0x0000019a2d1fab1c method=java.util.concurrent.ConcurrentHashMap.get(Ljava/lang/Object;)Ljava/lang/Object; @ 149 c2
Event: 0.796 Thread 0x0000019a1ded0cd0 DEOPT PACKING pc=0x0000019a2d1fab1c sp=0x0000003b925fb8e0
Event: 0.796 Thread 0x0000019a1ded0cd0 DEOPT UNPACKING pc=0x0000019a257223a3 sp=0x0000003b925fb880 mode 2
Event: 0.822 Thread 0x0000019a1ded0cd0 Uncommon trap: trap_request=0xffffff45 fr.pc=0x0000019a2d1e6708 relative=0x0000000000001d48
Event: 0.822 Thread 0x0000019a1ded0cd0 Uncommon trap: reason=unstable_if action=reinterpret pc=0x0000019a2d1e6708 method=java.io.WinNTFileSystem.normalize(Ljava/lang/String;)Ljava/lang/String; @ 128 c2
Event: 0.822 Thread 0x0000019a1ded0cd0 DEOPT PACKING pc=0x0000019a2d1e6708 sp=0x0000003b925fb8f0
Event: 0.822 Thread 0x0000019a1ded0cd0 DEOPT UNPACKING pc=0x0000019a257223a3 sp=0x0000003b925fb8d8 mode 2
Event: 1.081 Thread 0x0000019a1ded0cd0 Uncommon trap: trap_request=0xffffff45 fr.pc=0x0000019a2d1d59a4 relative=0x0000000000000664
Event: 1.081 Thread 0x0000019a1ded0cd0 Uncommon trap: reason=unstable_if action=reinterpret pc=0x0000019a2d1d59a4 method=java.lang.AbstractStringBuilder.append(Ljava/lang/String;)Ljava/lang/AbstractStringBuilder; @ 1 c2
Event: 1.081 Thread 0x0000019a1ded0cd0 DEOPT PACKING pc=0x0000019a2d1d59a4 sp=0x0000003b925fc660
Event: 1.081 Thread 0x0000019a1ded0cd0 DEOPT UNPACKING pc=0x0000019a257223a3 sp=0x0000003b925fc5e0 mode 2
Event: 1.082 Thread 0x0000019a1ded0cd0 Uncommon trap: trap_request=0xffffff45 fr.pc=0x0000019a2d1f04a4 relative=0x0000000000000664
Event: 1.082 Thread 0x0000019a1ded0cd0 Uncommon trap: reason=unstable_if action=reinterpret pc=0x0000019a2d1f04a4 method=java.lang.AbstractStringBuilder.append(Ljava/lang/String;)Ljava/lang/AbstractStringBuilder; @ 1 c2
Event: 1.082 Thread 0x0000019a1ded0cd0 DEOPT PACKING pc=0x0000019a2d1f04a4 sp=0x0000003b925fc600
Event: 1.082 Thread 0x0000019a1ded0cd0 DEOPT UNPACKING pc=0x0000019a257223a3 sp=0x0000003b925fc5e8 mode 2
Event: 45.154 Thread 0x0000019a1ded0cd0 Uncommon trap: trap_request=0xffffff45 fr.pc=0x0000019a2d222dfc relative=0x000000000000015c
Event: 45.154 Thread 0x0000019a1ded0cd0 Uncommon trap: reason=unstable_if action=reinterpret pc=0x0000019a2d222dfc method=com.esotericsoftware.kryo.io.Input.require(I)I @ 180 c2
Event: 45.154 Thread 0x0000019a1ded0cd0 DEOPT PACKING pc=0x0000019a2d222dfc sp=0x0000003b925fc680
Event: 45.154 Thread 0x0000019a1ded0cd0 DEOPT UNPACKING pc=0x0000019a257223a3 sp=0x0000003b925fc628 mode 2

Classes unloaded (0 events):
No events

Classes redefined (0 events):
No events

Internal exceptions (19 events):
Event: 0.178 Thread 0x0000019a1ded0cd0 Exception <a 'java/lang/NoSuchMethodError'{0x00000000ffc617d0}: 'int java.lang.invoke.DirectMethodHandle$Holder.invokeStaticInit(java.lang.Object, java.lang.Object)'> (0x00000000ffc617d0) 
thrown [t:\workspace\open\src\hotspot\share\interpreter\linkResolver.cpp, line 766]
Event: 0.556 Thread 0x0000019a1ded0cd0 Exception <a 'java/lang/NoSuchMethodError'{0x00000000feb899f0}: 'void java.lang.invoke.DirectMethodHandle$Holder.invokeStatic(java.lang.Object, java.lang.Object)'> (0x00000000feb899f0) 
thrown [t:\workspace\open\src\hotspot\share\interpreter\linkResolver.cpp, line 766]
Event: 0.572 Thread 0x0000019a1ded0cd0 Exception <a 'java/lang/NoClassDefFoundError'{0x00000000fea138a0}: org/slf4j/impl/StaticMarkerBinder> (0x00000000fea138a0) 
thrown [t:\workspace\open\src\hotspot\share\classfile\systemDictionary.cpp, line 245]
Event: 0.583 Thread 0x0000019a1ded0cd0 Exception <a 'java/lang/NoSuchMethodError'{0x00000000feaaf378}: 'java.lang.Object java.lang.invoke.DirectMethodHandle$Holder.invokeVirtual(java.lang.Object, java.lang.Object, java.lang.Object, java.lang.Object, java.lang.Object, java.lang.Object, java.lang.Object)'> (0x00000000feaaf378) 
thrown [t:\workspace\open\src\hotspot\share\interpreter\linkResolver.cpp, line 766]
Event: 0.584 Thread 0x0000019a1ded0cd0 Exception <a 'java/lang/NoSuchMethodError'{0x00000000feac0970}: 'java.lang.Object java.lang.invoke.Invokers$Holder.invoker(java.lang.Object, java.lang.Object, java.lang.Object)'> (0x00000000feac0970) 
thrown [t:\workspace\open\src\hotspot\share\interpreter\linkResolver.cpp, line 766]
Event: 0.586 Thread 0x0000019a1ded0cd0 Exception <a 'java/lang/NoSuchMethodError'{0x00000000feac9a40}: 'java.lang.Object java.lang.invoke.DirectMethodHandle$Holder.invokeStatic(java.lang.Object, java.lang.Object, int)'> (0x00000000feac9a40) 
thrown [t:\workspace\open\src\hotspot\share\interpreter\linkResolver.cpp, line 766]
Event: 0.587 Thread 0x0000019a1ded0cd0 Exception <a 'java/lang/NoSuchMethodError'{0x00000000fead5730}: 'void java.lang.invoke.DelegatingMethodHandle$Holder.delegate(java.lang.Object, java.lang.Object, int, java.lang.Object)'> (0x00000000fead5730) 
thrown [t:\workspace\open\src\hotspot\share\interpreter\linkResolver.cpp, line 766]
Event: 0.587 Thread 0x0000019a1ded0cd0 Exception <a 'java/lang/NoSuchMethodError'{0x00000000fead9878}: 'int java.lang.invoke.DirectMethodHandle$Holder.invokeSpecial(java.lang.Object, java.lang.Object, java.lang.Object)'> (0x00000000fead9878) 
thrown [t:\workspace\open\src\hotspot\share\interpreter\linkResolver.cpp, line 766]
Event: 0.589 Thread 0x0000019a1ded0cd0 Exception <a 'java/lang/NoSuchMethodError'{0x00000000feaecc10}: 'java.lang.Object java.lang.invoke.Invokers$Holder.invokeExact_MT(java.lang.Object, java.lang.Object, java.lang.Object, java.lang.Object)'> (0x00000000feaecc10) 
thrown [t:\workspace\open\src\hotspot\share\interpreter\linkResolver.cpp, line 766]
Event: 0.683 Thread 0x0000019a1ded0cd0 Exception <a 'java/lang/NoSuchMethodError'{0x00000000ffb25ed0}: 'void java.lang.invoke.DirectMethodHandle$Holder.invokeSpecial(java.lang.Object, java.lang.Object, java.lang.Object)'> (0x00000000ffb25ed0) 
thrown [t:\workspace\open\src\hotspot\share\interpreter\linkResolver.cpp, line 766]
Event: 0.692 Thread 0x0000019a1ded0cd0 Implicit null exception at 0x0000019a2d1f0d8f to 0x0000019a2d1f12fc
Event: 0.693 Thread 0x0000019a1ded0cd0 Implicit null exception at 0x0000019a2d1dcc8f to 0x0000019a2d1dd1f8
Event: 0.714 Thread 0x0000019a1ded0cd0 Exception <a 'java/lang/NoSuchMethodError'{0x00000000ffafe190}: 'java.lang.Object java.lang.invoke.DirectMethodHandle$Holder.invokeStaticInit(java.lang.Object)'> (0x00000000ffafe190) 
thrown [t:\workspace\open\src\hotspot\share\interpreter\linkResolver.cpp, line 766]
Event: 0.790 Thread 0x0000019a1ded0cd0 Exception <a 'java/lang/NoSuchMethodError'{0x00000000ff5603e0}: 'java.lang.Object java.lang.invoke.DirectMethodHandle$Holder.invokeStaticInit(java.lang.Object, int, int, int, int)'> (0x00000000ff5603e0) 
thrown [t:\workspace\open\src\hotspot\share\interpreter\linkResolver.cpp, line 766]
Event: 0.834 Thread 0x0000019a1ded0cd0 Exception <a 'java/lang/NoSuchMethodError'{0x00000000ff59b2e0}: 'java.lang.Object java.lang.invoke.DirectMethodHandle$Holder.invokeStaticInit(java.lang.Object, java.lang.Object, int, int, int, int)'> (0x00000000ff59b2e0) 
thrown [t:\workspace\open\src\hotspot\share\interpreter\linkResolver.cpp, line 766]
Event: 1.064 Thread 0x0000019a1ded0cd0 Exception <a 'java/lang/NoSuchMethodError'{0x00000000ff5caeb8}: 'void java.lang.invoke.DirectMethodHandle$Holder.invokeStatic(java.lang.Object, java.lang.Object, java.lang.Object)'> (0x00000000ff5caeb8) 
thrown [t:\workspace\open\src\hotspot\share\interpreter\linkResolver.cpp, line 766]
Event: 1.081 Thread 0x0000019a1ded0cd0 Implicit null exception at 0x0000019a2d1d5372 to 0x0000019a2d1d598c
Event: 1.082 Thread 0x0000019a1ded0cd0 Implicit null exception at 0x0000019a2d1efe72 to 0x0000019a2d1f048c
Event: 45.154 Thread 0x0000019a1ded0cd0 Exception <a 'sun/net/ConnectionResetException'{0x00000000ff1e6a00}: Connection reset> (0x00000000ff1e6a00) 
thrown [t:\workspace\open\src\hotspot\share\prims\jni.cpp, line 535]

VM Operations (20 events):
Event: 32.292 Executing VM operation: Cleanup
Event: 32.292 Executing VM operation: Cleanup done
Event: 34.303 Executing VM operation: Cleanup
Event: 34.303 Executing VM operation: Cleanup done
Event: 35.316 Executing VM operation: Cleanup
Event: 35.319 Executing VM operation: Cleanup done
Event: 36.327 Executing VM operation: Cleanup
Event: 36.327 Executing VM operation: Cleanup done
Event: 37.336 Executing VM operation: Cleanup
Event: 37.337 Executing VM operation: Cleanup done
Event: 38.351 Executing VM operation: Cleanup
Event: 38.351 Executing VM operation: Cleanup done
Event: 39.362 Executing VM operation: Cleanup
Event: 39.362 Executing VM operation: Cleanup done
Event: 40.365 Executing VM operation: Cleanup
Event: 40.365 Executing VM operation: Cleanup done
Event: 43.383 Executing VM operation: Cleanup
Event: 43.383 Executing VM operation: Cleanup done
Event: 44.385 Executing VM operation: Cleanup
Event: 44.385 Executing VM operation: Cleanup done

Events (20 events):
Event: 14.433 loading class jdk/internal/reflect/ByteVector done
Event: 14.433 loading class jdk/internal/reflect/ByteVectorImpl done
Event: 14.433 loading class jdk/internal/reflect/ClassFileAssembler
Event: 14.433 loading class jdk/internal/reflect/ClassFileAssembler done
Event: 14.433 loading class jdk/internal/reflect/UTF8
Event: 14.434 loading class jdk/internal/reflect/UTF8 done
Event: 14.434 loading class jdk/internal/reflect/Label
Event: 14.434 loading class jdk/internal/reflect/Label done
Event: 14.434 loading class jdk/internal/reflect/Label$PatchInfo
Event: 14.434 loading class jdk/internal/reflect/Label$PatchInfo done
Event: 14.434 loading class jdk/internal/reflect/MethodAccessorGenerator$1
Event: 14.434 loading class jdk/internal/reflect/MethodAccessorGenerator$1 done
Event: 14.434 loading class jdk/internal/reflect/ClassDefiner
Event: 14.434 loading class jdk/internal/reflect/ClassDefiner done
Event: 14.434 loading class jdk/internal/reflect/ClassDefiner$1
Event: 14.434 loading class jdk/internal/reflect/ClassDefiner$1 done
Event: 19.151 loading class java/util/ArrayList$ListItr
Event: 19.151 loading class java/util/ArrayList$ListItr done
Event: 45.153 loading class sun/net/ConnectionResetException
Event: 45.154 loading class sun/net/ConnectionResetException done


Dynamic libraries:
0x00007ff68b040000 - 0x00007ff68b050000 	C:\Program Files\Java\jdk-17.0.1\bin\java.exe
0x00007fff92ff0000 - 0x00007fff93207000 	C:\WINDOWS\SYSTEM32\ntdll.dll
0x00007fff92d10000 - 0x00007fff92dd4000 	C:\WINDOWS\System32\KERNEL32.DLL
0x00007fff903a0000 - 0x00007fff90746000 	C:\WINDOWS\System32\KERNELBASE.dll
0x00007fff90c30000 - 0x00007fff90d41000 	C:\WINDOWS\System32\ucrtbase.dll
0x00007fff4d9e0000 - 0x00007fff4d9fa000 	C:\Program Files\Java\jdk-17.0.1\bin\VCRUNTIME140.dll
0x00007fff4cae0000 - 0x00007fff4caf8000 	C:\Program Files\Java\jdk-17.0.1\bin\jli.dll
0x00007fff91140000 - 0x00007fff911f0000 	C:\WINDOWS\System32\ADVAPI32.dll
0x00007fff90fd0000 - 0x00007fff91077000 	C:\WINDOWS\System32\msvcrt.dll
0x00007fff91ee0000 - 0x00007fff91f86000 	C:\WINDOWS\System32\sechost.dll
0x00007fff91490000 - 0x00007fff915a7000 	C:\WINDOWS\System32\RPCRT4.dll
0x00007fff91f90000 - 0x00007fff9213d000 	C:\WINDOWS\System32\USER32.dll
0x00007fff90370000 - 0x00007fff90396000 	C:\WINDOWS\System32\win32u.dll
0x00007fff911f0000 - 0x00007fff91219000 	C:\WINDOWS\System32\GDI32.dll
0x00007fff90810000 - 0x00007fff90928000 	C:\WINDOWS\System32\gdi32full.dll
0x00007fff6c1e0000 - 0x00007fff6c473000 	C:\WINDOWS\WinSxS\amd64_microsoft.windows.common-controls_6595b64144ccf1df_6.0.22621.2361_none_2712ced57382f843\COMCTL32.dll
0x00007fff90b90000 - 0x00007fff90c2a000 	C:\WINDOWS\System32\msvcp_win.dll
0x00007fff8dc20000 - 0x00007fff8dc2a000 	C:\WINDOWS\SYSTEM32\VERSION.dll
0x00007fff91220000 - 0x00007fff91251000 	C:\WINDOWS\System32\IMM32.DLL
0x00007fff5f260000 - 0x00007fff5f26c000 	C:\Program Files\Java\jdk-17.0.1\bin\vcruntime140_1.dll
0x00007fff28780000 - 0x00007fff2880d000 	C:\Program Files\Java\jdk-17.0.1\bin\msvcp140.dll
0x00007fff27bc0000 - 0x00007fff2877e000 	C:\Program Files\Java\jdk-17.0.1\bin\server\jvm.dll
0x00007fff92c70000 - 0x00007fff92c78000 	C:\WINDOWS\System32\PSAPI.DLL
0x00007fff895b0000 - 0x00007fff895e4000 	C:\WINDOWS\SYSTEM32\WINMM.dll
0x00007fff89bc0000 - 0x00007fff89bc9000 	C:\WINDOWS\SYSTEM32\WSOCK32.dll
0x00007fff92390000 - 0x00007fff92401000 	C:\WINDOWS\System32\WS2_32.dll
0x00007fff8f440000 - 0x00007fff8f458000 	C:\WINDOWS\SYSTEM32\kernel.appcore.dll
0x00007fff5e2c0000 - 0x00007fff5e2ca000 	C:\Program Files\Java\jdk-17.0.1\bin\jimage.dll
0x00007fff8b410000 - 0x00007fff8b63e000 	C:\WINDOWS\SYSTEM32\DBGHELP.DLL
0x00007fff91a40000 - 0x00007fff91dca000 	C:\WINDOWS\System32\combase.dll
0x00007fff90ef0000 - 0x00007fff90fc7000 	C:\WINDOWS\System32\OLEAUT32.dll
0x00007fff7b5e0000 - 0x00007fff7b612000 	C:\WINDOWS\SYSTEM32\dbgcore.DLL
0x00007fff90930000 - 0x00007fff909aa000 	C:\WINDOWS\System32\bcryptPrimitives.dll
0x00007fff407c0000 - 0x00007fff407e5000 	C:\Program Files\Java\jdk-17.0.1\bin\java.dll
0x00007fff27a40000 - 0x00007fff27b16000 	C:\Program Files\Java\jdk-17.0.1\bin\svml.dll
0x00007fff92410000 - 0x00007fff92c68000 	C:\WINDOWS\System32\SHELL32.dll
0x00007fff8e2a0000 - 0x00007fff8eb92000 	C:\WINDOWS\SYSTEM32\windows.storage.dll
0x00007fff8e160000 - 0x00007fff8e29e000 	C:\WINDOWS\SYSTEM32\wintypes.dll
0x00007fff92e00000 - 0x00007fff92ef3000 	C:\WINDOWS\System32\SHCORE.dll
0x00007fff910e0000 - 0x00007fff9113e000 	C:\WINDOWS\System32\shlwapi.dll
0x00007fff902a0000 - 0x00007fff902c6000 	C:\WINDOWS\SYSTEM32\profapi.dll
0x00007fff41700000 - 0x00007fff41719000 	C:\Program Files\Java\jdk-17.0.1\bin\net.dll
0x00007fff8a7f0000 - 0x00007fff8a927000 	C:\WINDOWS\SYSTEM32\WINHTTP.dll
0x00007fff8f920000 - 0x00007fff8f989000 	C:\WINDOWS\system32\mswsock.dll
0x00007fff27630000 - 0x00007fff27645000 	C:\Program Files\Java\jdk-17.0.1\bin\nio.dll
0x00007fff27610000 - 0x00007fff27628000 	C:\Program Files\Java\jdk-17.0.1\bin\zip.dll
0x00007fff8dca0000 - 0x00007fff8dcb0000 	C:\Program Files\Java\jdk-17.0.1\bin\verify.dll
0x00007fff8dc70000 - 0x00007fff8dc97000 	C:\Users\ACER\.gradle\native\68d5fa5c4cc2d200863cafc0d521ce42e7d3e7ee720ec0a83991735586a16f82\windows-amd64\native-platform.dll
0x00007fff8b810000 - 0x00007fff8b81a000 	C:\Users\ACER\.gradle\native\jansi\1.18\windows64\jansi.dll
0x00007fff897b0000 - 0x00007fff897b9000 	C:\Program Files\Java\jdk-17.0.1\bin\management.dll
0x00007fff7eab0000 - 0x00007fff7eabb000 	C:\Program Files\Java\jdk-17.0.1\bin\management_ext.dll
0x00007fff8fb70000 - 0x00007fff8fb8b000 	C:\WINDOWS\SYSTEM32\CRYPTSP.dll
0x00007fff8f400000 - 0x00007fff8f435000 	C:\WINDOWS\system32\rsaenh.dll
0x00007fff8fa10000 - 0x00007fff8fa3c000 	C:\WINDOWS\SYSTEM32\USERENV.dll
0x00007fff8fd30000 - 0x00007fff8fd58000 	C:\WINDOWS\SYSTEM32\bcrypt.dll
0x00007fff8fb90000 - 0x00007fff8fb9c000 	C:\WINDOWS\SYSTEM32\CRYPTBASE.dll
0x00007fff8ee00000 - 0x00007fff8ee2d000 	C:\WINDOWS\SYSTEM32\IPHLPAPI.DLL
0x00007fff915b0000 - 0x00007fff915b9000 	C:\WINDOWS\System32\NSI.dll
0x00007fff8a570000 - 0x00007fff8a589000 	C:\WINDOWS\SYSTEM32\dhcpcsvc6.DLL
0x00007fff8a550000 - 0x00007fff8a56f000 	C:\WINDOWS\SYSTEM32\dhcpcsvc.DLL
0x00007fff8ee70000 - 0x00007fff8ef69000 	C:\WINDOWS\SYSTEM32\DNSAPI.dll
0x00007fff89720000 - 0x00007fff8972e000 	C:\Program Files\Java\jdk-17.0.1\bin\sunmscapi.dll
0x00007fff90a20000 - 0x00007fff90b86000 	C:\WINDOWS\System32\CRYPT32.dll
0x00007fff8fd00000 - 0x00007fff8fd2d000 	C:\WINDOWS\SYSTEM32\ncrypt.dll
0x00007fff8fcc0000 - 0x00007fff8fcf7000 	C:\WINDOWS\SYSTEM32\NTASN1.dll
0x00007fff5fe50000 - 0x00007fff5fe58000 	C:\WINDOWS\system32\wshunix.dll

dbghelp: loaded successfully - version: 4.0.5 - missing functions: none
symbol engine: initialized successfully - sym options: 0x614 - pdb path: .;C:\Program Files\Java\jdk-17.0.1\bin;C:\WINDOWS\SYSTEM32;C:\WINDOWS\WinSxS\amd64_microsoft.windows.common-controls_6595b64144ccf1df_6.0.22621.2361_none_2712ced57382f843;C:\Program Files\Java\jdk-17.0.1\bin\server;C:\Users\ACER\.gradle\native\68d5fa5c4cc2d200863cafc0d521ce42e7d3e7ee720ec0a83991735586a16f82\windows-amd64;C:\Users\ACER\.gradle\native\jansi\1.18\windows64

VM Arguments:
jvm_args: -Xmx64m -Xms64m -Dorg.gradle.appname=gradlew 
java_command: org.gradle.wrapper.GradleWrapperMain app:assembleDebug -x lint -x test --configure-on-demand --build-cache -PreactNativeDevServerPort=8081
java_class_path (initial): D:\EXE201\Hamper\android\\gradle\wrapper\gradle-wrapper.jar
Launcher Type: SUN_STANDARD

[Global flags]
     intx CICompilerCount                          = 4                                         {product} {ergonomic}
     uint ConcGCThreads                            = 2                                         {product} {ergonomic}
     uint G1ConcRefinementThreads                  = 8                                         {product} {ergonomic}
   size_t G1HeapRegionSize                         = 1048576                                   {product} {ergonomic}
    uintx GCDrainStackTargetSize                   = 64                                        {product} {ergonomic}
   size_t InitialHeapSize                          = 67108864                                  {product} {command line}
   size_t MarkStackSize                            = 4194304                                   {product} {ergonomic}
   size_t MaxHeapSize                              = 67108864                                  {product} {command line}
   size_t MaxNewSize                               = 39845888                                  {product} {ergonomic}
   size_t MinHeapDeltaBytes                        = 1048576                                   {product} {ergonomic}
   size_t MinHeapSize                              = 67108864                                  {product} {command line}
    uintx NonNMethodCodeHeapSize                   = 5839372                                {pd product} {ergonomic}
    uintx NonProfiledCodeHeapSize                  = 122909434                              {pd product} {ergonomic}
    uintx ProfiledCodeHeapSize                     = 122909434                              {pd product} {ergonomic}
    uintx ReservedCodeCacheSize                    = 251658240                              {pd product} {ergonomic}
     bool SegmentedCodeCache                       = true                                      {product} {ergonomic}
   size_t SoftMaxHeapSize                          = 67108864                               {manageable} {ergonomic}
     bool UseCompressedClassPointers               = true                           {product lp64_product} {ergonomic}
     bool UseCompressedOops                        = true                           {product lp64_product} {ergonomic}
     bool UseG1GC                                  = true                                      {product} {ergonomic}
     bool UseLargePagesIndividualAllocation        = false                                  {pd product} {ergonomic}

Logging:
Log output configuration:
 #0: stdout all=warning uptime,level,tags
 #1: stderr all=off uptime,level,tags

Environment Variables:
JAVA_HOME=C:\Program Files\Java\jdk-17.0.1
CLASSPATH=D:\EXE201\Hamper\android\\gradle\wrapper\gradle-wrapper.jar
PATH=D:\EXE201\Hamper\node_modules\.bin;D:\EXE201\node_modules\.bin;D:\node_modules\.bin;C:\Users\ACER\AppData\Roaming\npm\node_modules\npm\node_modules\@npmcli\run-script\lib\node-gyp-bin;C:\Program Files\Common Files\Oracle\Java\javapath;C:\Program Files (x86)\Common Files\Oracle\Java\javapath;C:\Program Files (x86)\Common Files\Intel\Shared Libraries\redist\intel64\compiler;C:\Windows\system32;C:\Windows;C:\Windows\System32\Wbem;C:\Windows\System32\WindowsPowerShell\v1.0\;C:\Windows\System32\OpenSSH\;C:\Program Files (x86)\NVIDIA Corporation\PhysX\Common;C:\Program Files\NVIDIA Corporation\NVIDIA NvDLISR;C:\Program Files\Java\jdk1.8.0_45\bin;C:\WINDOWS\system32;C:\WINDOWS;C:\WINDOWS\System32\Wbem;C:\WINDOWS\System32\WindowsPowerShell\v1.0\;C:\WINDOWS\System32\OpenSSH\;C:\Program Files\Azure Data Studio\bin;C:\Program Files\Java\jdk1.7.0_51\bin;C:\apache-tomcat-9.0.62\bin;C:\Program Files (x86)\Microsoft SQL Server\150\Tools\Binn\;C:\Program Files\Microsoft SQL Server\150\Tools\Binn\;C:\Program Files\Microsoft SQL Server\150\DTS\Binn\;C:\Program Files\Microsoft SQL Server\Client SDK\ODBC\170\Tools\Binn\;D:\maven\apache-maven-3.8.6\bin;Git\cmd;%NVM_HOME%;%NVM_SYMLINK%;D:\nodejs\Git\cmd;D:\PRM\project\tools;D:\PRM\project\tools;D:\PRM\project\tools;D:\PRM\project\tools;D:\PRM\project\tools;C:\Users\ACER\AppData\Local\Microsoft\WindowsApps;D:\VSCode\Microsoft VS Code\bin;C:\Program Files\Azure Data Studio\bin;C:\Users\ACER\AppData\Local\GitHubDesktop\bin;C:\Users\ACER\AppData\Roaming\npm;D:\MongoDB\mongosh-1.9.0-win32-x64\bin;C:\Program Files\MongoDB\Server\6.0\bin;D:\gradle\gradle-8.1.1\bin;D:\PRM\project\platform-tools;D:\nvm\nvm;C:\Program Files\nodejs
USERNAME=ACER
LANG=en_US.UTF-8
OS=Windows_NT
PROCESSOR_IDENTIFIER=Intel64 Family 6 Model 165 Stepping 2, GenuineIntel



---------------  S Y S T E M  ---------------

OS:
 Windows 10 , 64 bit Build 22621 (10.0.22621.2428)
OS uptime: 0 days 3:00 hours

CPU: total 8 (initial active 8) (4 cores per cpu, 2 threads per core) family 6 model 165 stepping 2 microcode 0xea, cx8, cmov, fxsr, ht, mmx, 3dnowpref, sse, sse2, sse3, ssse3, sse4.1, sse4.2, popcnt, lzcnt, tsc, tscinvbit, avx, avx2, aes, erms, clmul, bmi1, bmi2, adx, fma, vzeroupper, clflush, clflushopt

Memory: 4k page, system-wide physical 16215M (739M free)
TotalPageFile size 26936M (AvailPageFile size 3M)
current process WorkingSet (physical memory assigned to process): 88M, peak: 90M
current process commit charge ("private bytes"): 163M, peak: 166M

vm_info: Java HotSpot(TM) 64-Bit Server VM (17.0.1+12-LTS-39) for windows-amd64 JRE (17.0.1+12-LTS-39), built on Sep 27 2021 18:41:35 by "mach5one" with MS VC++ 16.8 (VS2019)

END.
